{"C:\\Users\\Professional\\Documents\\GitHub\\nodejs-homework-rest-api\\helper\\constants.js": {"path":"C:\\Users\\Professional\\Documents\\GitHub\\nodejs-homework-rest-api\\helper\\constants.js","statementMap":{"0":{"start":{"line":1,"column":21},"end":{"line":5,"column":1}},"1":{"start":{"line":7,"column":17},"end":{"line":18,"column":1}},"2":{"start":{"line":20,"column":0},"end":{"line":23,"column":1}}},"fnMap":{},"branchMap":{},"s":{"0":1,"1":1,"2":1},"f":{},"b":{},"_coverageSchema":"1a1c01bbd47fc00a2c39e90264f33305004495a9","hash":"50e4071393e092bd29cc141dfc6438a5f9f3648f"}
,"C:\\Users\\Professional\\Documents\\GitHub\\nodejs-homework-rest-api\\helper\\subscription.js": {"path":"C:\\Users\\Professional\\Documents\\GitHub\\nodejs-homework-rest-api\\helper\\subscription.js","statementMap":{"0":{"start":{"line":1,"column":21},"end":{"line":1,"column":43}},"1":{"start":{"line":3,"column":21},"end":{"line":13,"column":1}},"2":{"start":{"line":3,"column":28},"end":{"line":13,"column":1}},"3":{"start":{"line":4,"column":27},"end":{"line":4,"column":48}},"4":{"start":{"line":5,"column":2},"end":{"line":11,"column":3}},"5":{"start":{"line":6,"column":4},"end":{"line":10,"column":6}},"6":{"start":{"line":12,"column":2},"end":{"line":12,"column":15}},"7":{"start":{"line":15,"column":0},"end":{"line":15,"column":29}}},"fnMap":{"0":{"name":"(anonymous_0)","decl":{"start":{"line":3,"column":21},"end":{"line":3,"column":22}},"loc":{"start":{"line":3,"column":28},"end":{"line":13,"column":1}},"line":3},"1":{"name":"(anonymous_1)","decl":{"start":{"line":3,"column":28},"end":{"line":3,"column":29}},"loc":{"start":{"line":3,"column":48},"end":{"line":13,"column":1}},"line":3}},"branchMap":{"0":{"loc":{"start":{"line":5,"column":2},"end":{"line":11,"column":3}},"type":"if","locations":[{"start":{"line":5,"column":2},"end":{"line":11,"column":3}},{"start":{"line":5,"column":2},"end":{"line":11,"column":3}}],"line":5}},"s":{"0":1,"1":1,"2":2,"3":2,"4":2,"5":1,"6":1,"7":1},"f":{"0":2,"1":2},"b":{"0":[1,1]},"_coverageSchema":"1a1c01bbd47fc00a2c39e90264f33305004495a9","hash":"661022c05eb239fbef43f233668a6a9295dff9b8"}
}
